<?xml version="1.0" encoding="UTF-8"?>
<!-- Generated by org.testng.reporters.JUnitReportReporter -->
<testsuite skipped="0" hostname="Allen" name="com.romanceabroad.ui.RegistrationTests" tests="1" failures="0" timestamp="07 Dec 2019 21:59:00 GMT" time="39.315" errors="0">
  <testcase name="testRegistration2" time="39.315" classname="com.romanceabroad.ui.RegistrationTests"/>
</testsuite> <!-- com.romanceabroad.ui.RegistrationTests -->
